<?xml version="1.0" encoding="utf-8" standalone="no"?>
<!--This file represents the results of running a test suite-->
<test-results name="C:\Users\Robbie\Documents\GitHub\MiniFB\MiniFB.nunit" total="0" errors="0" failures="0" not-run="1" inconclusive="0" ignored="0" skipped="0" invalid="1" date="2013-04-29" time="15:10:10">
  <environment nunit-version="2.6.2.12296" clr-version="2.0.50727.5466" os-version="Microsoft Windows NT 6.1.7601 Service Pack 1" platform="Win32NT" cwd="C:\Users\Robbie\Documents\GitHub\MiniFB" machine-name="ROBBIE-HP" user="Robbie" user-domain="Robbie-HP" />
  <culture-info current-culture="sv-SE" current-uiculture="en-US" />
  <test-suite type="Project" name="C:\Users\Robbie\Documents\GitHub\MiniFB\MiniFB.nunit" executed="True" result="Failure" success="False" time="0.137" asserts="0">
    <results>
      <test-suite type="Assembly" name="C:\Users\Robbie\Documents\GitHub\MiniFB\MiniFB.Tests\bin\Debug\MiniFB.Tests.dll" executed="True" result="Failure" success="False" time="0.115" asserts="0">
        <results>
          <test-suite type="Namespace" name="MiniFB" executed="True" result="Failure" success="False" time="0.114" asserts="0">
            <results>
              <test-suite type="Namespace" name="Tests" executed="True" result="Failure" success="False" time="0.114" asserts="0">
                <results>
                  <test-suite type="Namespace" name="Controllers" executed="True" result="Failure" success="False" time="0.113" asserts="0">
                    <results>
                      <test-suite type="TestFixture" name="GoatControllerTest" executed="True" result="Failure" success="False" time="0.110" asserts="0">
                        <results>
                          <test-case name="MiniFB.Tests.Controllers.GoatControllerTest.MyMethod" executed="False" result="NotRunnable">
                            <reason>
                              <message><![CDATA[Test method has non-void return type, but no result is expected]]></message>
                            </reason>
                          </test-case>
                        </results>
                      </test-suite>
                    </results>
                  </test-suite>
                </results>
              </test-suite>
            </results>
          </test-suite>
        </results>
      </test-suite>
    </results>
  </test-suite>
</test-results>