<?xml version="1.0" encoding="utf-8" standalone="no"?>
<!--This file represents the results of running a test suite-->
<test-results name="C:\Users\carl\Documents\GitHub\MiniFB\MiniFB.nunit" total="2" errors="1" failures="0" not-run="0" inconclusive="0" ignored="0" skipped="0" invalid="0" date="2013-05-02" time="14:18:13">
  <environment nunit-version="2.6.2.12296" clr-version="2.0.50727.5466" os-version="Microsoft Windows NT 6.1.7601 Service Pack 1" platform="Win32NT" cwd="c:\Program Files\NUnit 2.6.2\bin" machine-name="CARL-PC" user="carl" user-domain="carl-PC" />
  <culture-info current-culture="sv-SE" current-uiculture="en-US" />
  <test-suite type="Project" name="C:\Users\carl\Documents\GitHub\MiniFB\MiniFB.nunit" executed="True" result="Failure" success="False" time="0.432" asserts="0">
    <results>
      <test-suite type="Assembly" name="C:\Users\carl\Documents\GitHub\MiniFB\MiniFB.Tests\bin\Debug\MiniFB.Tests.dll" executed="True" result="Failure" success="False" time="0.424" asserts="0">
        <results>
          <test-suite type="Namespace" name="MiniFB" executed="True" result="Failure" success="False" time="0.424" asserts="0">
            <results>
              <test-suite type="Namespace" name="Tests" executed="True" result="Failure" success="False" time="0.424" asserts="0">
                <results>
                  <test-suite type="Namespace" name="Controllers" executed="True" result="Failure" success="False" time="0.424" asserts="0">
                    <results>
                      <test-suite type="TestFixture" name="GoatControllerTest" executed="True" result="Failure" success="False" time="0.423" asserts="0">
                        <results>
                          <test-case name="MiniFB.Tests.Controllers.GoatControllerTest.List_getWith2Users_ShouldReturnViewWith2Users" executed="True" result="Error" success="False" time="0.083" asserts="0">
                            <failure>
                              <message><![CDATA[System.ArgumentNullException : Value cannot be null.
Parameter name: source]]></message>
                              <stack-trace><![CDATA[at System.Linq.Enumerable.Count[TSource](IEnumerable`1 source)
at MiniFB.Tests.Controllers.GoatControllerTest.List_getWith2Users_ShouldReturnViewWith2Users() in c:\Users\carl\Documents\GitHub\MiniFB\MiniFB.Tests\Controllers\GoatControllerTest.cs:line 42
]]></stack-trace>
                            </failure>
                          </test-case>
                          <test-case name="MiniFB.Tests.Controllers.GoatControllerTest.MyMethod" executed="True" result="Success" success="True" time="0.010" asserts="1" />
                        </results>
                      </test-suite>
                    </results>
                  </test-suite>
                </results>
              </test-suite>
            </results>
          </test-suite>
        </results>
      </test-suite>
    </results>
  </test-suite>
</test-results>